<?xml version="1.0" encoding="utf-8"?>
<TestRun id="6b301017-2570-45b6-a8ed-cb877e5d6aa3" name="Hamzah@YAZGI 2026-06-04 20:44:28" runUser="YAZGI\Hamzah" xmlns="http://microsoft.com/schemas/VisualStudio/TeamTest/2010">
  <Times creation="2026-06-04T20:44:28.5980060+03:00" queuing="2026-06-04T20:44:28.5980075+03:00" start="2026-06-04T20:43:17.6035498+03:00" finish="2026-06-04T20:45:12.2961246+03:00" />
  <TestSettings name="default" id="485f8b42-1d00-4d73-957d-b0e5453cba1e">
    <Deployment runDeploymentRoot="Hamzah_YAZGI_2026-06-04_20_44_28" />
  </TestSettings>
  <Results>
    <UnitTestResult executionId="fcd9c077-586b-451e-8427-696143701867" testId="2087b1a4-0c0b-da7a-3bea-67d3d527bedc" testName="SuperSee.SeleniumTests.LoginSeleniumTests.Coordinator_CanLoginSuccessfully" computerName="YAZGI" duration="00:00:43.6887803" startTime="2026-06-04T20:44:28.4777055+03:00" endTime="2026-06-04T20:45:11.9794881+03:00" testType="13cdc9d9-ddb5-4fa4-a97d-d965ccfc6d4b" outcome="Failed" testListId="8c84fa94-04c1-424b-9868-57a2d4851a1d" relativeResultsDirectory="fcd9c077-586b-451e-8427-696143701867">
      <Output>
        <ErrorInfo>
          <Message>OpenQA.Selenium.UnknownErrorException : unknown error: net::ERR_CONNECTION_REFUSED
  (Session info: chrome=148.0.7778.217)</Message>
          <StackTrace>   at OpenQA.Selenium.WebDriver.UnpackAndThrowOnError(Response errorResponse, String commandToExecute)&#xD;
   at OpenQA.Selenium.WebDriver.ExecuteAsync(String driverCommandToExecute, Dictionary`2 parameters)&#xD;
   at OpenQA.Selenium.Navigator.GoToUrlAsync(String url)&#xD;
   at OpenQA.Selenium.Navigator.&lt;&gt;c__DisplayClass6_0.&lt;&lt;GoToUrl&gt;b__0&gt;d.MoveNext()&#xD;
--- End of stack trace from previous location ---&#xD;
   at OpenQA.Selenium.Navigator.GoToUrl(String url)&#xD;
   at SuperSee.SeleniumTests.LoginSeleniumTests.Coordinator_CanLoginSuccessfully() in C:\Users\Hamzah\Downloads\The_Final_Project\Program1.0\111333\SS\SS\The_Code\GPP\Graduation-Projecs-Portal\SuperSee.SeleniumTests\LoginSeleniumTests.cs:line 11&#xD;
   at System.RuntimeMethodHandle.InvokeMethod(Object target, Void** arguments, Signature sig, Boolean isConstructor)&#xD;
   at System.Reflection.MethodBaseInvoker.InvokeWithNoArgs(Object obj, BindingFlags invokeAttr)</StackTrace>
        </ErrorInfo>
      </Output>
    </UnitTestResult>
    <UnitTestResult executionId="c01a0f63-56ba-43ed-b95f-f1420d6c6c49" testId="f8e07b0a-c840-ecbe-3d1f-9f3c0daf3964" testName="SuperSee.SeleniumTests.LoginSeleniumTests.InvalidLogin_ShowsErrorMessage" computerName="YAZGI" duration="00:01:05.2131111" startTime="2026-06-04T20:43:23.1465272+03:00" endTime="2026-06-04T20:44:28.2859491+03:00" testType="13cdc9d9-ddb5-4fa4-a97d-d965ccfc6d4b" outcome="Failed" testListId="8c84fa94-04c1-424b-9868-57a2d4851a1d" relativeResultsDirectory="c01a0f63-56ba-43ed-b95f-f1420d6c6c49">
      <Output>
        <ErrorInfo>
          <Message>OpenQA.Selenium.UnknownErrorException : unknown error: net::ERR_CONNECTION_REFUSED
  (Session info: chrome=148.0.7778.217)</Message>
          <StackTrace>   at OpenQA.Selenium.WebDriver.UnpackAndThrowOnError(Response errorResponse, String commandToExecute)&#xD;
   at OpenQA.Selenium.WebDriver.ExecuteAsync(String driverCommandToExecute, Dictionary`2 parameters)&#xD;
   at OpenQA.Selenium.Navigator.GoToUrlAsync(String url)&#xD;
   at OpenQA.Selenium.Navigator.&lt;&gt;c__DisplayClass6_0.&lt;&lt;GoToUrl&gt;b__0&gt;d.MoveNext()&#xD;
--- End of stack trace from previous location ---&#xD;
   at OpenQA.Selenium.Navigator.GoToUrl(String url)&#xD;
   at SuperSee.SeleniumTests.LoginSeleniumTests.InvalidLogin_ShowsErrorMessage() in C:\Users\Hamzah\Downloads\The_Final_Project\Program1.0\111333\SS\SS\The_Code\GPP\Graduation-Projecs-Portal\SuperSee.SeleniumTests\LoginSeleniumTests.cs:line 34&#xD;
   at System.RuntimeMethodHandle.InvokeMethod(Object target, Void** arguments, Signature sig, Boolean isConstructor)&#xD;
   at System.Reflection.MethodBaseInvoker.InvokeWithNoArgs(Object obj, BindingFlags invokeAttr)</StackTrace>
        </ErrorInfo>
      </Output>
    </UnitTestResult>
  </Results>
  <TestDefinitions>
    <UnitTest name="SuperSee.SeleniumTests.LoginSeleniumTests.Coordinator_CanLoginSuccessfully" storage="c:\users\hamzah\downloads\the_final_project\program1.0\111333\ss\ss\the_code\gpp\graduation-projecs-portal\supersee.seleniumtests\bin\debug\net8.0\supersee.seleniumtests.dll" id="2087b1a4-0c0b-da7a-3bea-67d3d527bedc">
      <Execution id="fcd9c077-586b-451e-8427-696143701867" />
      <TestMethod codeBase="C:\Users\Hamzah\Downloads\The_Final_Project\Program1.0\111333\SS\SS\The_Code\GPP\Graduation-Projecs-Portal\SuperSee.SeleniumTests\bin\Debug\net8.0\SuperSee.SeleniumTests.dll" adapterTypeName="executor://xunit/VsTestRunner3/netcore/" className="SuperSee.SeleniumTests.LoginSeleniumTests" name="Coordinator_CanLoginSuccessfully" />
    </UnitTest>
    <UnitTest name="SuperSee.SeleniumTests.LoginSeleniumTests.InvalidLogin_ShowsErrorMessage" storage="c:\users\hamzah\downloads\the_final_project\program1.0\111333\ss\ss\the_code\gpp\graduation-projecs-portal\supersee.seleniumtests\bin\debug\net8.0\supersee.seleniumtests.dll" id="f8e07b0a-c840-ecbe-3d1f-9f3c0daf3964">
      <Execution id="c01a0f63-56ba-43ed-b95f-f1420d6c6c49" />
      <TestMethod codeBase="C:\Users\Hamzah\Downloads\The_Final_Project\Program1.0\111333\SS\SS\The_Code\GPP\Graduation-Projecs-Portal\SuperSee.SeleniumTests\bin\Debug\net8.0\SuperSee.SeleniumTests.dll" adapterTypeName="executor://xunit/VsTestRunner3/netcore/" className="SuperSee.SeleniumTests.LoginSeleniumTests" name="InvalidLogin_ShowsErrorMessage" />
    </UnitTest>
  </TestDefinitions>
  <TestEntries>
    <TestEntry testId="2087b1a4-0c0b-da7a-3bea-67d3d527bedc" executionId="fcd9c077-586b-451e-8427-696143701867" testListId="8c84fa94-04c1-424b-9868-57a2d4851a1d" />
    <TestEntry testId="f8e07b0a-c840-ecbe-3d1f-9f3c0daf3964" executionId="c01a0f63-56ba-43ed-b95f-f1420d6c6c49" testListId="8c84fa94-04c1-424b-9868-57a2d4851a1d" />
  </TestEntries>
  <TestLists>
    <TestList name="Results Not in a List" id="8c84fa94-04c1-424b-9868-57a2d4851a1d" />
    <TestList name="All Loaded Results" id="19431567-8539-422a-85d7-44ee4e166bda" />
  </TestLists>
  <ResultSummary outcome="Failed">
    <Counters total="2" executed="2" passed="0" failed="2" error="0" timeout="0" aborted="0" inconclusive="0" passedButRunAborted="0" notRunnable="0" notExecuted="0" disconnected="0" warning="0" completed="0" inProgress="0" pending="0" />
    <Output>
      <StdOut>[xUnit.net 00:00:00.00] xUnit.net VSTest Adapter v3.1.4+50e68bbb8b (64-bit .NET 8.0.27)&#xD;
[xUnit.net 00:00:01.71]   Discovering: SuperSee.SeleniumTests&#xD;
[xUnit.net 00:00:02.17]   Discovered:  SuperSee.SeleniumTests&#xD;
[xUnit.net 00:00:02.36]   Starting:    SuperSee.SeleniumTests&#xD;
[xUnit.net 00:01:07.90]       OpenQA.Selenium.UnknownErrorException : unknown error: net::ERR_CONNECTION_REFUSED
  (Session info: chrome=148.0.7778.217)&#xD;
[xUnit.net 00:01:07.90]       Stack Trace:&#xD;
[xUnit.net 00:01:07.91]            at OpenQA.Selenium.WebDriver.UnpackAndThrowOnError(Response errorResponse, String commandToExecute)&#xD;
[xUnit.net 00:01:07.91]            at OpenQA.Selenium.WebDriver.ExecuteAsync(String driverCommandToExecute, Dictionary`2 parameters)&#xD;
[xUnit.net 00:01:07.91]            at OpenQA.Selenium.Navigator.GoToUrlAsync(String url)&#xD;
[xUnit.net 00:01:07.91]            at OpenQA.Selenium.Navigator.&lt;&gt;c__DisplayClass6_0.&lt;&lt;GoToUrl&gt;b__0&gt;d.MoveNext()&#xD;
[xUnit.net 00:01:07.92]         --- End of stack trace from previous location ---&#xD;
[xUnit.net 00:01:07.92]            at OpenQA.Selenium.Navigator.GoToUrl(String url)&#xD;
[xUnit.net 00:01:07.92]         C:\Users\Hamzah\Downloads\The_Final_Project\Program1.0\111333\SS\SS\The_Code\GPP\Graduation-Projecs-Portal\SuperSee.SeleniumTests\LoginSeleniumTests.cs(34,0): at SuperSee.SeleniumTests.LoginSeleniumTests.InvalidLogin_ShowsErrorMessage()&#xD;
[xUnit.net 00:01:07.92]            at System.RuntimeMethodHandle.InvokeMethod(Object target, Void** arguments, Signature sig, Boolean isConstructor)&#xD;
[xUnit.net 00:01:07.92]            at System.Reflection.MethodBaseInvoker.InvokeWithNoArgs(Object obj, BindingFlags invokeAttr)&#xD;
[xUnit.net 00:01:51.57]       OpenQA.Selenium.UnknownErrorException : unknown error: net::ERR_CONNECTION_REFUSED
  (Session info: chrome=148.0.7778.217)&#xD;
[xUnit.net 00:01:51.57]       Stack Trace:&#xD;
[xUnit.net 00:01:51.57]            at OpenQA.Selenium.WebDriver.UnpackAndThrowOnError(Response errorResponse, String commandToExecute)&#xD;
[xUnit.net 00:01:51.57]            at OpenQA.Selenium.WebDriver.ExecuteAsync(String driverCommandToExecute, Dictionary`2 parameters)&#xD;
[xUnit.net 00:01:51.57]            at OpenQA.Selenium.Navigator.GoToUrlAsync(String url)&#xD;
[xUnit.net 00:01:51.57]            at OpenQA.Selenium.Navigator.&lt;&gt;c__DisplayClass6_0.&lt;&lt;GoToUrl&gt;b__0&gt;d.MoveNext()&#xD;
[xUnit.net 00:01:51.57]         --- End of stack trace from previous location ---&#xD;
[xUnit.net 00:01:51.57]            at OpenQA.Selenium.Navigator.GoToUrl(String url)&#xD;
[xUnit.net 00:01:51.57]         C:\Users\Hamzah\Downloads\The_Final_Project\Program1.0\111333\SS\SS\The_Code\GPP\Graduation-Projecs-Portal\SuperSee.SeleniumTests\LoginSeleniumTests.cs(11,0): at SuperSee.SeleniumTests.LoginSeleniumTests.Coordinator_CanLoginSuccessfully()&#xD;
[xUnit.net 00:01:51.57]            at System.RuntimeMethodHandle.InvokeMethod(Object target, Void** arguments, Signature sig, Boolean isConstructor)&#xD;
[xUnit.net 00:01:51.57]            at System.Reflection.MethodBaseInvoker.InvokeWithNoArgs(Object obj, BindingFlags invokeAttr)&#xD;
[xUnit.net 00:01:51.58]   Finished:    SuperSee.SeleniumTests&#xD;
</StdOut>
    </Output>
    <RunInfos>
      <RunInfo computerName="YAZGI" outcome="Error" timestamp="2026-06-04T20:44:28.3067776+03:00">
        <Text>[xUnit.net 00:01:07.89]     SuperSee.SeleniumTests.LoginSeleniumTests.InvalidLogin_ShowsErrorMessage [FAIL]</Text>
      </RunInfo>
      <RunInfo computerName="YAZGI" outcome="Error" timestamp="2026-06-04T20:45:11.9820066+03:00">
        <Text>[xUnit.net 00:01:51.57]     SuperSee.SeleniumTests.LoginSeleniumTests.Coordinator_CanLoginSuccessfully [FAIL]</Text>
      </RunInfo>
    </RunInfos>
  </ResultSummary>
</TestRun>