<?xml version="1.0" encoding="utf-8"?>
<TestRun id="3e332041-9b49-4ace-867c-41340269ed4d" name="Hamzah@YAZGI 2026-06-04 21:08:14" runUser="YAZGI\Hamzah" xmlns="http://microsoft.com/schemas/VisualStudio/TeamTest/2010">
  <Times creation="2026-06-04T21:08:14.5042987+03:00" queuing="2026-06-04T21:08:14.5042997+03:00" start="2026-06-04T21:06:29.0087887+03:00" finish="2026-06-04T21:08:57.7389782+03:00" />
  <TestSettings name="default" id="c32be342-4054-4ffb-b41f-5027c718523e">
    <Deployment runDeploymentRoot="Hamzah_YAZGI_2026-06-04_21_08_14" />
  </TestSettings>
  <Results>
    <UnitTestResult executionId="b5265c2d-212b-42fc-8a82-4b57c22b9ba8" testId="2087b1a4-0c0b-da7a-3bea-67d3d527bedc" testName="SuperSee.SeleniumTests.LoginSeleniumTests.Coordinator_CanLoginSuccessfully" computerName="YAZGI" duration="00:00:43.4637355" startTime="2026-06-04T21:08:14.4587639+03:00" endTime="2026-06-04T21:08:57.4663066+03:00" testType="13cdc9d9-ddb5-4fa4-a97d-d965ccfc6d4b" outcome="Passed" testListId="8c84fa94-04c1-424b-9868-57a2d4851a1d" relativeResultsDirectory="b5265c2d-212b-42fc-8a82-4b57c22b9ba8" />
    <UnitTestResult executionId="00d772ff-596f-4087-87cc-b009b3e66002" testId="f8e07b0a-c840-ecbe-3d1f-9f3c0daf3964" testName="SuperSee.SeleniumTests.LoginSeleniumTests.InvalidLogin_ShowsErrorMessage" computerName="YAZGI" duration="00:01:43.5037331" startTime="2026-06-04T21:06:30.3094657+03:00" endTime="2026-06-04T21:08:14.0005272+03:00" testType="13cdc9d9-ddb5-4fa4-a97d-d965ccfc6d4b" outcome="Failed" testListId="8c84fa94-04c1-424b-9868-57a2d4851a1d" relativeResultsDirectory="00d772ff-596f-4087-87cc-b009b3e66002">
      <Output>
        <ErrorInfo>
          <Message>OpenQA.Selenium.WebDriverTimeoutException : Timed out after 10 seconds&#xD;
---- OpenQA.Selenium.NoSuchElementException : no such element: Unable to locate element: {"method":"css selector","selector":"#errorMsg"}
  (Session info: chrome=148.0.7778.217); For documentation on this error, please visit: https://www.selenium.dev/documentation/webdriver/troubleshooting/errors#nosuchelementexception</Message>
          <StackTrace>   at OpenQA.Selenium.Support.UI.DefaultWait`1.ThrowTimeoutException(String exceptionMessage, Exception lastException)&#xD;
   at OpenQA.Selenium.Support.UI.DefaultWait`1.Until[TResult](Func`2 condition, CancellationToken token)&#xD;
   at OpenQA.Selenium.Support.UI.DefaultWait`1.Until[TResult](Func`2 condition)&#xD;
   at SuperSee.SeleniumTests.SeleniumTestBase.WaitUntilElementExists(By elementLocator, Int32 timeout) in C:\Users\Hamzah\Downloads\The_Final_Project\Program1.0\111333\SS\SS\The_Code\GPP\Graduation-Projecs-Portal\SuperSee.SeleniumTests\SeleniumTestBase.cs:line 84&#xD;
   at SuperSee.SeleniumTests.LoginSeleniumTests.InvalidLogin_ShowsErrorMessage() in C:\Users\Hamzah\Downloads\The_Final_Project\Program1.0\111333\SS\SS\The_Code\GPP\Graduation-Projecs-Portal\SuperSee.SeleniumTests\LoginSeleniumTests.cs:line 46&#xD;
   at System.RuntimeMethodHandle.InvokeMethod(Object target, Void** arguments, Signature sig, Boolean isConstructor)&#xD;
   at System.Reflection.MethodBaseInvoker.InvokeWithNoArgs(Object obj, BindingFlags invokeAttr)&#xD;
----- Inner Stack Trace -----&#xD;
   at OpenQA.Selenium.WebDriver.UnpackAndThrowOnError(Response errorResponse, String commandToExecute)&#xD;
   at OpenQA.Selenium.WebDriver.ExecuteAsync(String driverCommandToExecute, Dictionary`2 parameters)&#xD;
   at OpenQA.Selenium.WebDriver.Execute(String driverCommandToExecute, Dictionary`2 parameters)&#xD;
   at OpenQA.Selenium.WebDriver.FindElement(String mechanism, String value)&#xD;
   at OpenQA.Selenium.By.&lt;.ctor&gt;b__6_0(ISearchContext context)&#xD;
   at OpenQA.Selenium.By.FindElement(ISearchContext context)&#xD;
   at OpenQA.Selenium.WebDriver.FindElement(By by)&#xD;
   at SeleniumExtras.WaitHelpers.ExpectedConditions.&lt;&gt;c__DisplayClass6_0.&lt;ElementExists&gt;b__0(IWebDriver driver)&#xD;
   at OpenQA.Selenium.Support.UI.DefaultWait`1.Until[TResult](Func`2 condition, CancellationToken token)</StackTrace>
        </ErrorInfo>
      </Output>
    </UnitTestResult>
  </Results>
  <TestDefinitions>
    <UnitTest name="SuperSee.SeleniumTests.LoginSeleniumTests.Coordinator_CanLoginSuccessfully" storage="c:\users\hamzah\downloads\the_final_project\program1.0\111333\ss\ss\the_code\gpp\graduation-projecs-portal\supersee.seleniumtests\bin\debug\net8.0\supersee.seleniumtests.dll" id="2087b1a4-0c0b-da7a-3bea-67d3d527bedc">
      <Execution id="b5265c2d-212b-42fc-8a82-4b57c22b9ba8" />
      <TestMethod codeBase="C:\Users\Hamzah\Downloads\The_Final_Project\Program1.0\111333\SS\SS\The_Code\GPP\Graduation-Projecs-Portal\SuperSee.SeleniumTests\bin\Debug\net8.0\SuperSee.SeleniumTests.dll" adapterTypeName="executor://xunit/VsTestRunner3/netcore/" className="SuperSee.SeleniumTests.LoginSeleniumTests" name="Coordinator_CanLoginSuccessfully" />
    </UnitTest>
    <UnitTest name="SuperSee.SeleniumTests.LoginSeleniumTests.InvalidLogin_ShowsErrorMessage" storage="c:\users\hamzah\downloads\the_final_project\program1.0\111333\ss\ss\the_code\gpp\graduation-projecs-portal\supersee.seleniumtests\bin\debug\net8.0\supersee.seleniumtests.dll" id="f8e07b0a-c840-ecbe-3d1f-9f3c0daf3964">
      <Execution id="00d772ff-596f-4087-87cc-b009b3e66002" />
      <TestMethod codeBase="C:\Users\Hamzah\Downloads\The_Final_Project\Program1.0\111333\SS\SS\The_Code\GPP\Graduation-Projecs-Portal\SuperSee.SeleniumTests\bin\Debug\net8.0\SuperSee.SeleniumTests.dll" adapterTypeName="executor://xunit/VsTestRunner3/netcore/" className="SuperSee.SeleniumTests.LoginSeleniumTests" name="InvalidLogin_ShowsErrorMessage" />
    </UnitTest>
  </TestDefinitions>
  <TestEntries>
    <TestEntry testId="2087b1a4-0c0b-da7a-3bea-67d3d527bedc" executionId="b5265c2d-212b-42fc-8a82-4b57c22b9ba8" testListId="8c84fa94-04c1-424b-9868-57a2d4851a1d" />
    <TestEntry testId="f8e07b0a-c840-ecbe-3d1f-9f3c0daf3964" executionId="00d772ff-596f-4087-87cc-b009b3e66002" testListId="8c84fa94-04c1-424b-9868-57a2d4851a1d" />
  </TestEntries>
  <TestLists>
    <TestList name="Results Not in a List" id="8c84fa94-04c1-424b-9868-57a2d4851a1d" />
    <TestList name="All Loaded Results" id="19431567-8539-422a-85d7-44ee4e166bda" />
  </TestLists>
  <ResultSummary outcome="Failed">
    <Counters total="2" executed="2" passed="1" failed="1" error="0" timeout="0" aborted="0" inconclusive="0" passedButRunAborted="0" notRunnable="0" notExecuted="0" disconnected="0" warning="0" completed="0" inProgress="0" pending="0" />
    <Output>
      <StdOut>[xUnit.net 00:00:00.00] xUnit.net VSTest Adapter v3.1.4+50e68bbb8b (64-bit .NET 8.0.27)&#xD;
[xUnit.net 00:00:00.17]   Discovering: SuperSee.SeleniumTests&#xD;
[xUnit.net 00:00:00.25]   Discovered:  SuperSee.SeleniumTests&#xD;
[xUnit.net 00:00:00.29]   Starting:    SuperSee.SeleniumTests&#xD;
[xUnit.net 00:01:44.02]       OpenQA.Selenium.WebDriverTimeoutException : Timed out after 10 seconds&#xD;
[xUnit.net 00:01:44.02]       ---- OpenQA.Selenium.NoSuchElementException : no such element: Unable to locate element: {"method":"css selector","selector":"#errorMsg"}
  (Session info: chrome=148.0.7778.217); For documentation on this error, please visit: https://www.selenium.dev/documentation/webdriver/troubleshooting/errors#nosuchelementexception&#xD;
[xUnit.net 00:01:44.02]       Stack Trace:&#xD;
[xUnit.net 00:01:44.03]            at OpenQA.Selenium.Support.UI.DefaultWait`1.ThrowTimeoutException(String exceptionMessage, Exception lastException)&#xD;
[xUnit.net 00:01:44.03]            at OpenQA.Selenium.Support.UI.DefaultWait`1.Until[TResult](Func`2 condition, CancellationToken token)&#xD;
[xUnit.net 00:01:44.03]            at OpenQA.Selenium.Support.UI.DefaultWait`1.Until[TResult](Func`2 condition)&#xD;
[xUnit.net 00:01:44.03]         C:\Users\Hamzah\Downloads\The_Final_Project\Program1.0\111333\SS\SS\The_Code\GPP\Graduation-Projecs-Portal\SuperSee.SeleniumTests\SeleniumTestBase.cs(84,0): at SuperSee.SeleniumTests.SeleniumTestBase.WaitUntilElementExists(By elementLocator, Int32 timeout)&#xD;
[xUnit.net 00:01:44.03]         C:\Users\Hamzah\Downloads\The_Final_Project\Program1.0\111333\SS\SS\The_Code\GPP\Graduation-Projecs-Portal\SuperSee.SeleniumTests\LoginSeleniumTests.cs(46,0): at SuperSee.SeleniumTests.LoginSeleniumTests.InvalidLogin_ShowsErrorMessage()&#xD;
[xUnit.net 00:01:44.03]            at System.RuntimeMethodHandle.InvokeMethod(Object target, Void** arguments, Signature sig, Boolean isConstructor)&#xD;
[xUnit.net 00:01:44.03]            at System.Reflection.MethodBaseInvoker.InvokeWithNoArgs(Object obj, BindingFlags invokeAttr)&#xD;
[xUnit.net 00:01:44.03]         ----- Inner Stack Trace -----&#xD;
[xUnit.net 00:01:44.03]            at OpenQA.Selenium.WebDriver.UnpackAndThrowOnError(Response errorResponse, String commandToExecute)&#xD;
[xUnit.net 00:01:44.03]            at OpenQA.Selenium.WebDriver.ExecuteAsync(String driverCommandToExecute, Dictionary`2 parameters)&#xD;
[xUnit.net 00:01:44.03]            at OpenQA.Selenium.WebDriver.Execute(String driverCommandToExecute, Dictionary`2 parameters)&#xD;
[xUnit.net 00:01:44.03]            at OpenQA.Selenium.WebDriver.FindElement(String mechanism, String value)&#xD;
[xUnit.net 00:01:44.03]            at OpenQA.Selenium.By.&lt;.ctor&gt;b__6_0(ISearchContext context)&#xD;
[xUnit.net 00:01:44.03]            at OpenQA.Selenium.By.FindElement(ISearchContext context)&#xD;
[xUnit.net 00:01:44.03]            at OpenQA.Selenium.WebDriver.FindElement(By by)&#xD;
[xUnit.net 00:01:44.03]            at SeleniumExtras.WaitHelpers.ExpectedConditions.&lt;&gt;c__DisplayClass6_0.&lt;ElementExists&gt;b__0(IWebDriver driver)&#xD;
[xUnit.net 00:01:44.03]            at OpenQA.Selenium.Support.UI.DefaultWait`1.Until[TResult](Func`2 condition, CancellationToken token)&#xD;
[xUnit.net 00:02:27.51]   Finished:    SuperSee.SeleniumTests&#xD;
</StdOut>
    </Output>
    <RunInfos>
      <RunInfo computerName="YAZGI" outcome="Error" timestamp="2026-06-04T21:08:14.0113283+03:00">
        <Text>[xUnit.net 00:01:44.02]     SuperSee.SeleniumTests.LoginSeleniumTests.InvalidLogin_ShowsErrorMessage [FAIL]</Text>
      </RunInfo>
    </RunInfos>
  </ResultSummary>
</TestRun>